2018-08-22 13:18:39,022 INFO o.a.j.u.JMeterUtils: Setting Locale to en_EN
2018-08-22 13:18:39,046 INFO o.a.j.JMeter: Loading user properties from: C:\apache-jmeter-4.0\bin\user.properties
2018-08-22 13:18:39,047 INFO o.a.j.JMeter: Loading system properties from: C:\apache-jmeter-4.0\bin\system.properties
2018-08-22 13:18:39,047 INFO o.a.j.JMeter: Setting JMeter property: filePath=D:\wtt\JMeterZCFLR\20182130
2018-08-22 13:18:39,047 INFO o.a.j.JMeter: Setting JMeter property: threadNum=1
2018-08-22 13:18:39,047 INFO o.a.j.JMeter: Setting JMeter property: rampUp=1
2018-08-22 13:18:39,048 INFO o.a.j.JMeter: Setting JMeter property: cycles=1
2018-08-22 13:18:39,054 INFO o.a.j.JMeter: Copyright (c) 1998-2018 The Apache Software Foundation
2018-08-22 13:18:39,054 INFO o.a.j.JMeter: Version 4.0 r1823414
2018-08-22 13:18:39,055 INFO o.a.j.JMeter: java.version=1.8.0_171
2018-08-22 13:18:39,055 INFO o.a.j.JMeter: java.vm.name=Java HotSpot(TM) 64-Bit Server VM
2018-08-22 13:18:39,055 INFO o.a.j.JMeter: os.name=Windows 7
2018-08-22 13:18:39,055 INFO o.a.j.JMeter: os.arch=amd64
2018-08-22 13:18:39,055 INFO o.a.j.JMeter: os.version=6.1
2018-08-22 13:18:39,055 INFO o.a.j.JMeter: file.encoding=GBK
2018-08-22 13:18:39,055 INFO o.a.j.JMeter: Max memory     =1073741824
2018-08-22 13:18:39,055 INFO o.a.j.JMeter: Available Processors =4
2018-08-22 13:18:39,060 INFO o.a.j.JMeter: Default Locale=English (EN)
2018-08-22 13:18:39,061 INFO o.a.j.JMeter: JMeter  Locale=English (EN)
2018-08-22 13:18:39,061 INFO o.a.j.JMeter: JMeterHome=C:\apache-jmeter-4.0
2018-08-22 13:18:39,061 INFO o.a.j.JMeter: user.dir  =D:\wtt\JMeterZCFLR
2018-08-22 13:18:39,061 INFO o.a.j.JMeter: PWD       =D:\wtt\JMeterZCFLR
2018-08-22 13:18:39,062 INFO o.a.j.JMeter: IP: 192.168.102.144 Name: EDZ-20180525ORX FullName: EDZ-20180525ORX
2018-08-22 13:18:39,064 INFO o.a.j.JMeter: Setting property 'jmeter.reportgenerator.outputdir' to:'D:\wtt\JMeterZCFLR\20182130\Report'
2018-08-22 13:18:39,066 INFO o.a.j.s.FileServer: Default base='D:\wtt\JMeterZCFLR'
2018-08-22 13:18:39,072 INFO o.a.j.s.FileServer: Set new base='D:\wtt\JMeterZCFLR'
2018-08-22 13:18:39,236 INFO o.a.j.s.SaveService: Testplan (JMX) version: 2.2. Testlog (JTL) version: 2.2
2018-08-22 13:18:39,252 INFO o.a.j.s.SaveService: Using SaveService properties file encoding UTF-8
2018-08-22 13:18:39,257 INFO o.a.j.s.SaveService: Using SaveService properties version 4.0
2018-08-22 13:18:39,265 INFO o.a.j.s.SaveService: Loading file: D:\wtt\JMeterZCFLR\ZCFLRAPI.jmx
2018-08-22 13:18:39,309 INFO o.a.j.p.h.c.CookieManager: Settings: Delete null: true Check: true Allow variable: true Save: false Prefix: COOKIE_
2018-08-22 13:18:39,328 INFO o.a.j.p.h.s.HTTPSamplerBase: Parser for text/html is org.apache.jmeter.protocol.http.parser.LagartoBasedHtmlParser
2018-08-22 13:18:39,328 INFO o.a.j.p.h.s.HTTPSamplerBase: Parser for application/xhtml+xml is org.apache.jmeter.protocol.http.parser.LagartoBasedHtmlParser
2018-08-22 13:18:39,328 INFO o.a.j.p.h.s.HTTPSamplerBase: Parser for application/xml is org.apache.jmeter.protocol.http.parser.LagartoBasedHtmlParser
2018-08-22 13:18:39,328 INFO o.a.j.p.h.s.HTTPSamplerBase: Parser for text/xml is org.apache.jmeter.protocol.http.parser.LagartoBasedHtmlParser
2018-08-22 13:18:39,328 INFO o.a.j.p.h.s.HTTPSamplerBase: Parser for text/vnd.wap.wml is org.apache.jmeter.protocol.http.parser.RegexpHTMLParser
2018-08-22 13:18:39,328 INFO o.a.j.p.h.s.HTTPSamplerBase: Parser for text/css is org.apache.jmeter.protocol.http.parser.CssParser
2018-08-22 13:18:39,879 INFO o.a.j.JMeter: Creating summariser <summary>
2018-08-22 13:18:39,895 INFO o.a.j.r.d.ReportGenerator: ReportGenerator will use for Parsing the separator: ','
2018-08-22 13:18:39,895 INFO o.a.j.r.d.ReportGenerator: Will generate report at end of test from  results file: D:\wtt\JMeterZCFLR\result.jtl
2018-08-22 13:18:39,895 INFO o.a.j.r.d.ReportGenerator: Reading report generator properties from: C:\apache-jmeter-4.0\bin\reportgenerator.properties
2018-08-22 13:18:39,897 INFO o.a.j.r.d.ReportGenerator: Merging with JMeter properties
2018-08-22 13:18:39,905 INFO o.a.j.r.c.ReportGeneratorConfiguration: Property 'jmeter.reportgenerator.temp_dir' not found, using default value 'temp' instead.
2018-08-22 13:18:39,909 INFO o.a.j.r.c.ReportGeneratorConfiguration: Property 'jmeter.reportgenerator.apdex_per_transaction' not found, using default value 'null' instead.
2018-08-22 13:18:39,909 INFO o.a.j.r.c.ReportGeneratorConfiguration: apdex_per_transaction : {} is empty, not APDEX per transaction customization
2018-08-22 13:18:39,909 INFO o.a.j.r.c.ReportGeneratorConfiguration: Property 'jmeter.reportgenerator.sample_filter' not found, using default value 'null' instead.
2018-08-22 13:18:39,909 INFO o.a.j.r.c.ReportGeneratorConfiguration: Property 'jmeter.reportgenerator.report_title' not found, using default value 'null' instead.
2018-08-22 13:18:39,909 INFO o.a.j.r.c.ReportGeneratorConfiguration: Property 'jmeter.reportgenerator.start_date' not found, using default value 'null' instead.
2018-08-22 13:18:39,909 INFO o.a.j.r.c.ReportGeneratorConfiguration: Property 'jmeter.reportgenerator.end_date' not found, using default value 'null' instead.
2018-08-22 13:18:39,910 INFO o.a.j.r.c.ReportGeneratorConfiguration: Property 'jmeter.reportgenerator.date_format' not found, using default value 'null' instead.
2018-08-22 13:18:39,910 INFO o.a.j.r.c.ReportGeneratorConfiguration: Will use date range start date: null, end date: null
2018-08-22 13:18:39,917 INFO o.a.j.r.c.ReportGeneratorConfiguration: Property 'jmeter.reportgenerator.graph.activeThreadsOverTime.exclude_controllers' not found, using default value 'false' instead.
2018-08-22 13:18:39,917 INFO o.a.j.r.c.ReportGeneratorConfiguration: Property 'jmeter.reportgenerator.graph.timeVsThreads.exclude_controllers' not found, using default value 'false' instead.
2018-08-22 13:18:39,917 INFO o.a.j.r.c.ReportGeneratorConfiguration: Property 'jmeter.reportgenerator.graph.responseTimeDistribution.exclude_controllers' not found, using default value 'false' instead.
2018-08-22 13:18:39,918 INFO o.a.j.r.c.ReportGeneratorConfiguration: Property 'jmeter.reportgenerator.graph.transactionsPerSecond.exclude_controllers' not found, using default value 'false' instead.
2018-08-22 13:18:39,919 INFO o.a.j.r.c.ReportGeneratorConfiguration: Property 'jmeter.reportgenerator.graph.responseTimePercentiles.exclude_controllers' not found, using default value 'false' instead.
2018-08-22 13:18:39,919 INFO o.a.j.r.c.ReportGeneratorConfiguration: Property 'jmeter.reportgenerator.graph.responseTimePercentilesOverTime.exclude_controllers' not found, using default value 'false' instead.
2018-08-22 13:18:39,919 INFO o.a.j.r.c.ReportGeneratorConfiguration: Property 'jmeter.reportgenerator.graph.responseTimesOverTime.exclude_controllers' not found, using default value 'false' instead.
2018-08-22 13:18:39,919 INFO o.a.j.r.c.ReportGeneratorConfiguration: Property 'jmeter.reportgenerator.graph.connectTimeOverTime.exclude_controllers' not found, using default value 'false' instead.
2018-08-22 13:18:39,919 INFO o.a.j.r.c.ReportGeneratorConfiguration: Property 'jmeter.reportgenerator.graph.latenciesOverTime.exclude_controllers' not found, using default value 'false' instead.
2018-08-22 13:18:39,921 INFO o.a.j.r.c.ReportGeneratorConfiguration: Property 'jmeter.reportgenerator.exporter.html.filters_only_sample_series' not found, using default value 'true' instead.
2018-08-22 13:18:39,921 INFO o.a.j.r.c.ReportGeneratorConfiguration: Property 'jmeter.reportgenerator.exporter.html.series_filter' not found, using default value '' instead.
2018-08-22 13:18:39,921 INFO o.a.j.r.c.ReportGeneratorConfiguration: Property 'jmeter.reportgenerator.exporter.html.show_controllers_only' not found, using default value 'false' instead.
2018-08-22 13:18:39,928 INFO o.a.j.e.StandardJMeterEngine: Running the test!
2018-08-22 13:18:39,929 INFO o.a.j.s.SampleEvent: List of sample_variables: []
2018-08-22 13:18:39,929 INFO o.a.j.s.SampleEvent: List of sample_variables: []
2018-08-22 13:18:39,934 INFO o.a.j.e.u.CompoundVariable: Note: Function class names must contain the string: '.functions.'
2018-08-22 13:18:39,935 INFO o.a.j.e.u.CompoundVariable: Note: Function class names must not contain the string: '.gui.'
2018-08-22 13:18:40,085 INFO o.a.j.t.TestPlan: added C:\apache-jmeter-4.0\lib\mysql-connector-java-5.1.39-bin.jar to classpath
2018-08-22 13:18:40,158 INFO o.a.j.JMeter: Running test (1534915120158)
2018-08-22 13:18:40,201 INFO o.a.j.e.StandardJMeterEngine: Starting ThreadGroup: 1 : 资产方录入平台
2018-08-22 13:18:40,201 INFO o.a.j.e.StandardJMeterEngine: Starting 1 threads for group 资产方录入平台.
2018-08-22 13:18:40,202 INFO o.a.j.e.StandardJMeterEngine: Thread will continue on error
2018-08-22 13:18:40,202 INFO o.a.j.t.ThreadGroup: Starting thread group... number=1 threads=1 ramp-up=1 perThread=1000.0 delayedStart=false
2018-08-22 13:18:40,217 INFO o.a.j.t.ThreadGroup: Started thread group number 1
2018-08-22 13:18:40,217 INFO o.a.j.e.StandardJMeterEngine: All thread groups have been started
2018-08-22 13:18:40,263 INFO o.a.j.t.JMeterThread: Thread started: 资产方录入平台 1-1
2018-08-22 13:18:40,887 INFO o.a.j.p.h.s.HTTPHCAbstractImpl: Local host = EDZ-20180525ORX
2018-08-22 13:18:40,891 INFO o.a.j.p.h.s.HTTPHC4Impl: HTTP request retry count = 0
2018-08-22 13:18:40,901 INFO o.a.j.s.SampleResult: Note: Sample TimeStamps are START times
2018-08-22 13:18:40,901 INFO o.a.j.s.SampleResult: sampleresult.default.encoding is set to utf-8
2018-08-22 13:18:40,901 INFO o.a.j.s.SampleResult: sampleresult.useNanoTime=true
2018-08-22 13:18:40,901 INFO o.a.j.s.SampleResult: sampleresult.nanoThreadSleep=5000
2018-08-22 13:18:43,090 INFO o.a.j.s.FileServer: Stored: 企业基本情况.txt
2018-08-22 13:18:44,636 INFO o.a.j.s.FileServer: Stored: 尽调信息.txt
2018-08-22 13:18:45,999 INFO o.a.j.s.FileServer: Stored: 商务部初审意见.txt
2018-08-22 13:18:47,357 INFO o.a.j.s.FileServer: Stored: 企业工商信息.txt
2018-08-22 13:18:48,214 INFO o.a.j.s.FileServer: Stored: 企业工商信息非标准附件.txt
2018-08-22 13:18:55,943 INFO o.a.j.s.FileServer: Stored: 对外担保情况标准附件.txt
2018-08-22 13:18:56,812 INFO o.a.j.s.FileServer: Stored: 对外负债情况标准附件.txt
2018-08-22 13:18:57,676 INFO o.a.j.s.FileServer: Stored: 人法、仲裁、失信情况标准附件.txt
2018-08-22 13:18:58,539 INFO o.a.j.s.FileServer: Stored: 股东情况标准附件.txt
2018-08-22 13:18:59,417 INFO o.a.j.s.FileServer: Stored: 融资情况标准附件.txt
2018-08-22 13:19:00,296 INFO o.a.j.r.Summariser: summary +     21 in 00:00:20 =    1.0/s Avg:   261 Min:   223 Max:   423 Err:     0 (0.00%) Active: 1 Started: 1 Finished: 0
2018-08-22 13:19:00,300 INFO o.a.j.s.FileServer: Stored: 关联公司标准附件.txt
2018-08-22 13:19:01,166 INFO o.a.j.s.FileServer: Stored: 公司组织架构标准附件.txt
2018-08-22 13:19:02,054 INFO o.a.j.s.FileServer: Stored: 主要部门负责人及简介标准附件.txt
2018-08-22 13:19:02,931 INFO o.a.j.s.FileServer: Stored: 外部资金方情况标准附件.txt
2018-08-22 13:19:03,807 INFO o.a.j.s.FileServer: Stored: 实际控制人及持股比例.txt
2018-08-22 13:19:04,666 INFO o.a.j.s.FileServer: Stored: Top5资金方协议非标准附件.txt
2018-08-22 13:19:05,521 INFO o.a.j.s.FileServer: Stored: 理财部门整体介绍非标准附件.txt
2018-08-22 13:19:06,383 INFO o.a.j.s.FileServer: Stored: 公司募资余额产品结构情况标准附件.txt
2018-08-22 13:19:08,112 INFO o.a.j.s.FileServer: Stored: 公司各月募资情况标准附件.txt
2018-08-22 13:19:09,814 INFO o.a.j.s.FileServer: Stored: 外部融资渠道最近一年的融资台账标准附件.txt
2018-08-22 13:19:10,685 INFO o.a.j.s.FileServer: Stored: 业务地域分布情况标准附件.txt
2018-08-22 13:19:11,531 INFO o.a.j.s.FileServer: Stored: 业务门店分布情况标准附件.txt
2018-08-22 13:19:12,383 INFO o.a.j.s.FileServer: Stored: 业务总量概况标准附件.txt
2018-08-22 13:19:13,253 INFO o.a.j.s.FileServer: Stored: 业务信息只有非标准附件.txt
2018-08-22 13:19:17,486 INFO o.a.j.s.FileServer: Stored: 风控部门资料非标准附件.txt
2018-08-22 13:19:20,056 INFO o.a.j.s.FileServer: Stored: 财务信息只有非标准附件.txt
2018-08-22 13:19:22,585 INFO o.a.j.s.FileServer: Stored: 近一年有息负债融资清单及相应的协议标准附件.txt
2018-08-22 13:19:23,441 INFO o.a.j.s.FileServer: Stored: 最近一期公司银行、第三方支付账户列表与余额并提供相应的银行对账单标准附件.txt
2018-08-22 13:19:24,298 INFO o.a.j.s.FileServer: Stored: 确认完成.txt
2018-08-22 13:19:30,743 INFO o.a.j.r.Summariser: summary +     36 in 00:00:30 =    1.2/s Avg:   239 Min:   187 Max:   281 Err:     0 (0.00%) Active: 1 Started: 1 Finished: 0
2018-08-22 13:19:30,744 INFO o.a.j.r.Summariser: summary =     57 in 00:00:51 =    1.1/s Avg:   247 Min:   187 Max:   423 Err:     0 (0.00%)
2018-08-22 13:19:43,641 INFO o.a.j.s.FileServer: Stored: 确认完成线上线下.txt
2018-08-22 13:19:48,812 INFO o.a.j.s.FileServer: Stored: 商务部初审意见提交风控.txt
2018-08-22 13:19:49,892 INFO o.a.j.t.JMeterThread: Thread is done: 资产方录入平台 1-1
2018-08-22 13:19:49,892 INFO o.a.j.t.JMeterThread: Thread finished: 资产方录入平台 1-1
2018-08-22 13:19:49,893 INFO o.a.j.e.StandardJMeterEngine: Notifying test listeners of end of test
2018-08-22 13:19:49,893 INFO o.a.j.s.FileServer: Close: 公司组织架构标准附件.txt
2018-08-22 13:19:49,893 INFO o.a.j.s.FileServer: Close: 主要部门负责人及简介标准附件.txt
2018-08-22 13:19:49,894 INFO o.a.j.s.FileServer: Close: Top5资金方协议非标准附件.txt
2018-08-22 13:19:49,894 INFO o.a.j.s.FileServer: Close: 确认完成线上线下.txt
2018-08-22 13:19:49,894 INFO o.a.j.s.FileServer: Close: 企业工商信息.txt
2018-08-22 13:19:49,894 INFO o.a.j.s.FileServer: Close: 人法、仲裁、失信情况标准附件.txt
2018-08-22 13:19:49,894 INFO o.a.j.s.FileServer: Close: 业务信息只有非标准附件.txt
2018-08-22 13:19:49,894 INFO o.a.j.s.FileServer: Close: 对外负债情况标准附件.txt
2018-08-22 13:19:49,895 INFO o.a.j.s.FileServer: Close: 公司募资余额产品结构情况标准附件.txt
2018-08-22 13:19:49,895 INFO o.a.j.s.FileServer: Close: 企业基本情况.txt
2018-08-22 13:19:49,895 INFO o.a.j.s.FileServer: Close: 实际控制人及持股比例.txt
2018-08-22 13:19:49,896 INFO o.a.j.s.FileServer: Close: 业务门店分布情况标准附件.txt
2018-08-22 13:19:49,896 INFO o.a.j.s.FileServer: Close: 商务部初审意见.txt
2018-08-22 13:19:49,896 INFO o.a.j.s.FileServer: Close: 融资情况标准附件.txt
2018-08-22 13:19:49,896 INFO o.a.j.s.FileServer: Close: 公司各月募资情况标准附件.txt
2018-08-22 13:19:49,896 INFO o.a.j.s.FileServer: Close: 尽调信息.txt
2018-08-22 13:19:49,896 INFO o.a.j.s.FileServer: Close: 外部资金方情况标准附件.txt
2018-08-22 13:19:49,897 INFO o.a.j.s.FileServer: Close: 业务地域分布情况标准附件.txt
2018-08-22 13:19:49,897 INFO o.a.j.s.FileServer: Close: 确认完成.txt
2018-08-22 13:19:49,897 INFO o.a.j.s.FileServer: Close: 商务部初审意见提交风控.txt
2018-08-22 13:19:49,897 INFO o.a.j.s.FileServer: Close: 企业工商信息非标准附件.txt
2018-08-22 13:19:49,897 INFO o.a.j.s.FileServer: Close: 近一年有息负债融资清单及相应的协议标准附件.txt
2018-08-22 13:19:49,897 INFO o.a.j.s.FileServer: Close: 关联公司标准附件.txt
2018-08-22 13:19:49,897 INFO o.a.j.s.FileServer: Close: 财务信息只有非标准附件.txt
2018-08-22 13:19:49,897 INFO o.a.j.s.FileServer: Close: 对外担保情况标准附件.txt
2018-08-22 13:19:49,897 INFO o.a.j.s.FileServer: Close: 股东情况标准附件.txt
2018-08-22 13:19:49,897 INFO o.a.j.s.FileServer: Close: 风控部门资料非标准附件.txt
2018-08-22 13:19:49,897 INFO o.a.j.s.FileServer: Close: 业务总量概况标准附件.txt
2018-08-22 13:19:49,897 INFO o.a.j.s.FileServer: Close: 最近一期公司银行、第三方支付账户列表与余额并提供相应的银行对账单标准附件.txt
2018-08-22 13:19:49,897 INFO o.a.j.s.FileServer: Close: 理财部门整体介绍非标准附件.txt
2018-08-22 13:19:49,897 INFO o.a.j.s.FileServer: Close: 外部融资渠道最近一年的融资台账标准附件.txt
2018-08-22 13:19:49,898 INFO o.a.j.r.Summariser: summary +     23 in 00:00:19 =    1.2/s Avg:   229 Min:   188 Max:   475 Err:     0 (0.00%) Active: 0 Started: 1 Finished: 1
2018-08-22 13:19:49,900 INFO o.a.j.r.Summariser: summary =     80 in 00:01:10 =    1.1/s Avg:   242 Min:   187 Max:   475 Err:     0 (0.00%)
2018-08-22 13:19:49,902 INFO o.a.j.JMeter: Generating Dashboard
2018-08-22 13:19:49,902 INFO o.a.j.r.d.ReportGenerator: Flushing result collector before report Generation
2018-08-22 13:19:49,920 INFO o.a.j.r.p.NormalizerSampleConsumer: Using format, 'ms', to parse timeStamp field
2018-08-22 13:19:50,151 INFO o.a.j.r.p.AbstractSampleConsumer: class org.apache.jmeter.report.processor.AggregateConsumer#stopProducing(): beginDate produced 0 samples
2018-08-22 13:19:50,152 INFO o.a.j.r.p.AbstractSampleConsumer: class org.apache.jmeter.report.processor.AggregateConsumer#stopProducing(): endDate produced 0 samples
2018-08-22 13:19:50,155 INFO o.a.j.r.p.AbstractSampleConsumer: class org.apache.jmeter.report.processor.ApdexSummaryConsumer#stopProducing(): apdexSummary produced 0 samples
2018-08-22 13:19:50,155 INFO o.a.j.r.p.AbstractSampleConsumer: class org.apache.jmeter.report.processor.RequestsSummaryConsumer#stopProducing(): requestsSummary produced 0 samples
2018-08-22 13:19:50,162 INFO o.a.j.r.p.AbstractSampleConsumer: class org.apache.jmeter.report.processor.StatisticsSummaryConsumer#stopProducing(): statisticsSummary produced 0 samples
2018-08-22 13:19:50,168 INFO o.a.j.r.p.AbstractSampleConsumer: class org.apache.jmeter.report.processor.Top5ErrorsBySamplerConsumer#stopProducing(): top5ErrorsBySampler produced 0 samples
2018-08-22 13:19:50,169 INFO o.a.j.r.p.AbstractSampleConsumer: class org.apache.jmeter.report.processor.ErrorsSummaryConsumer#stopProducing(): errorsSummary produced 0 samples
2018-08-22 13:19:50,169 INFO o.a.j.r.p.AbstractSampleConsumer: class org.apache.jmeter.report.processor.graph.impl.HitsPerSecondGraphConsumer#stopProducing(): hitsPerSecond produced 0 samples
2018-08-22 13:19:50,185 INFO o.a.j.r.p.AbstractSampleConsumer: class org.apache.jmeter.report.processor.graph.impl.LatencyVSRequestGraphConsumer#stopProducing(): latencyVsRequest produced 0 samples
2018-08-22 13:19:50,185 INFO o.a.j.r.p.AbstractSampleConsumer: class org.apache.jmeter.report.processor.graph.impl.SyntheticResponseTimeDistributionGraphConsumer#stopProducing(): syntheticResponseTimeDistribution produced 0 samples
2018-08-22 13:19:50,185 INFO o.a.j.r.p.AbstractSampleConsumer: class org.apache.jmeter.report.processor.graph.impl.BytesThroughputGraphConsumer#stopProducing(): bytesThroughputOverTime produced 0 samples
2018-08-22 13:19:50,185 INFO o.a.j.r.p.AbstractSampleConsumer: class org.apache.jmeter.report.processor.graph.impl.CodesPerSecondGraphConsumer#stopProducing(): codesPerSecond produced 0 samples
2018-08-22 13:19:50,190 INFO o.a.j.r.p.AbstractSampleConsumer: class org.apache.jmeter.report.processor.graph.impl.ResponseTimeVSRequestGraphConsumer#stopProducing(): responseTimeVsRequest produced 0 samples
2018-08-22 13:19:50,190 INFO o.a.j.r.p.AbstractSampleConsumer: class org.apache.jmeter.report.processor.FilterConsumer#stopProducing(): startIntervalControlerFilter produced 560 samples
2018-08-22 13:19:50,190 INFO o.a.j.r.p.AbstractSampleConsumer: class org.apache.jmeter.report.processor.graph.impl.ActiveThreadsGraphConsumer#stopProducing(): activeThreadsOverTime produced 0 samples
2018-08-22 13:19:50,190 INFO o.a.j.r.p.AbstractSampleConsumer: class org.apache.jmeter.report.processor.graph.impl.TimeVSThreadGraphConsumer#stopProducing(): timeVsThreads produced 0 samples
2018-08-22 13:19:50,198 INFO o.a.j.r.p.AbstractSampleConsumer: class org.apache.jmeter.report.processor.graph.impl.ResponseTimeDistributionGraphConsumer#stopProducing(): responseTimeDistribution produced 0 samples
2018-08-22 13:19:50,199 INFO o.a.j.r.p.AbstractSampleConsumer: class org.apache.jmeter.report.processor.graph.impl.TransactionsPerSecondGraphConsumer#stopProducing(): transactionsPerSecond produced 0 samples
2018-08-22 13:19:50,201 INFO o.a.j.r.p.AbstractSampleConsumer: class org.apache.jmeter.report.processor.graph.impl.ResponseTimePercentilesGraphConsumer#stopProducing(): responseTimePercentiles produced 0 samples
2018-08-22 13:19:50,218 INFO o.a.j.r.p.AbstractSampleConsumer: class org.apache.jmeter.report.processor.graph.impl.ResponseTimePercentilesOverTimeGraphConsumer#stopProducing(): responseTimePercentilesOverTime produced 0 samples
2018-08-22 13:19:50,219 INFO o.a.j.r.p.AbstractSampleConsumer: class org.apache.jmeter.report.processor.graph.impl.ResponseTimeOverTimeGraphConsumer#stopProducing(): responseTimesOverTime produced 0 samples
2018-08-22 13:19:50,220 INFO o.a.j.r.p.AbstractSampleConsumer: class org.apache.jmeter.report.processor.graph.impl.ConnectTimeOverTimeGraphConsumer#stopProducing(): connectTimeOverTime produced 0 samples
2018-08-22 13:19:50,221 INFO o.a.j.r.p.AbstractSampleConsumer: class org.apache.jmeter.report.processor.graph.impl.LatencyOverTimeGraphConsumer#stopProducing(): latenciesOverTime produced 0 samples
2018-08-22 13:19:50,221 INFO o.a.j.r.p.AbstractSampleConsumer: class org.apache.jmeter.report.processor.FilterConsumer#stopProducing(): nameFilter produced 1120 samples
2018-08-22 13:19:50,222 INFO o.a.j.r.p.AbstractSampleConsumer: class org.apache.jmeter.report.processor.FilterConsumer#stopProducing(): dateRangeFilter produced 240 samples
2018-08-22 13:19:50,222 INFO o.a.j.r.p.AbstractSampleConsumer: class org.apache.jmeter.report.processor.NormalizerSampleConsumer#stopProducing(): normalizer produced 80 samples
2018-08-22 13:19:50,222 INFO o.a.j.r.p.CsvFileSampleSource: produce(): 80 samples produced in 264ms on channel 0
2018-08-22 13:19:50,223 INFO o.a.j.r.d.ReportGenerator: Exporting data using exporter:'html' of className:'org.apache.jmeter.report.dashboard.HtmlTemplateExporter'
2018-08-22 13:19:50,226 INFO o.a.j.r.d.HtmlTemplateExporter: Will generate dashboard in folder: D:\wtt\JMeterZCFLR\20182130\Report
2018-08-22 13:19:50,507 INFO o.a.j.r.d.HtmlTemplateExporter: Report will be generated in: D:\wtt\JMeterZCFLR\20182130\Report, creating folder structure
2018-08-22 13:19:50,842 INFO o.a.j.JMeter: Dashboard generated
